<?xml version="1.0" encoding="UTF-8" ?>
<testsuite tests="6" failures="0" name="com.tom.springjdbctest.servicetest.ServiceTest" time="25.722" errors="0" skipped="0">
  <properties>
[...]
</properties>
  <testcase classname="com.tom.springjdbctest.servicetest.ServiceTest" name="testSelectByStId" time="10.231"/>
  <testcase classname="com.tom.springjdbctest.servicetest.ServiceTest" name="testDelete" time="2.285"/>
  <testcase classname="com.tom.springjdbctest.servicetest.ServiceTest" name="testSelectByName" time="3.967"/>
  <testcase classname="com.tom.springjdbctest.servicetest.ServiceTest" name="testGet" time="2.18"/>
  <testcase classname="com.tom.springjdbctest.servicetest.ServiceTest" name="testUpdate" time="3.228"/>
  <testcase classname="com.tom.springjdbctest.servicetest.ServiceTest" name="testAdd" time="3.831"/>
</testsuite>